<?xml version="1.0" encoding="UTF-8"?>
<testng-results ignored="0" total="1" passed="1" failed="0" skipped="0">
  <reporter-output>
  </reporter-output>
  <suite started-at="2025-09-10T19:46:43 IST" name="Default suite" finished-at="2025-09-10T19:46:43 IST" duration-ms="67">
    <groups>
    </groups>
    <test started-at="2025-09-10T19:46:43 IST" name="Default test" finished-at="2025-09-10T19:46:43 IST" duration-ms="67">
      <class name="testngannotations.TestMethod">
        <test-method is-config="true" signature="launchBrowser()[pri:0, instance:testngannotations.TestMethod@7b2bbc3]" started-at="2025-09-10T19:46:43 IST" name="launchBrowser" finished-at="2025-09-10T19:46:43 IST" duration-ms="12" status="PASS">
          <reporter-output>
          </reporter-output>
        </test-method> <!-- launchBrowser -->
        <test-method signature="testLogin()[pri:0, instance:testngannotations.TestMethod@7b2bbc3]" started-at="2025-09-10T19:46:43 IST" name="testLogin" finished-at="2025-09-10T19:46:43 IST" duration-ms="7" status="PASS">
          <reporter-output>
          </reporter-output>
        </test-method> <!-- testLogin -->
        <test-method is-config="true" signature="quitBrowser()[pri:0, instance:testngannotations.TestMethod@7b2bbc3]" started-at="2025-09-10T19:46:43 IST" name="quitBrowser" finished-at="2025-09-10T19:46:43 IST" duration-ms="1" status="PASS">
          <reporter-output>
          </reporter-output>
        </test-method> <!-- quitBrowser -->
      </class> <!-- testngannotations.TestMethod -->
    </test> <!-- Default test -->
  </suite> <!-- Default suite -->
</testng-results>
