<?xml version="1.0" encoding="UTF-8"?>
<testng-results ignored="0" total="1" passed="1" failed="0" skipped="0">
  <reporter-output>
  </reporter-output>
  <suite started-at="2025-09-10T19:36:24 IST" name="Default suite" finished-at="2025-09-10T19:36:24 IST" duration-ms="190">
    <groups>
    </groups>
    <test started-at="2025-09-10T19:36:24 IST" name="Default test" finished-at="2025-09-10T19:36:24 IST" duration-ms="190">
      <class name="testngannotations.TestMethod">
        <test-method signature="testLogin()[pri:0, instance:testngannotations.TestMethod@564fabc8]" started-at="2025-09-10T19:36:24 IST" name="testLogin" finished-at="2025-09-10T19:36:24 IST" duration-ms="13" status="PASS">
          <reporter-output>
          </reporter-output>
        </test-method> <!-- testLogin -->
      </class> <!-- testngannotations.TestMethod -->
    </test> <!-- Default test -->
  </suite> <!-- Default suite -->
</testng-results>
